<?xml version="1.0" encoding="UTF-8"?>
<!-- Generated by org.testng.reporters.JUnitXMLReporter -->
<testsuite hostname="LAPTOP-VHE2P4JN" ignored="4" name="Safari" tests="3" failures="0" timestamp="2021-04-25T21:52:40 IST" time="0.118" errors="0">
  <testcase name="@BeforeTest initialization" time="0.042" classname="com.qa.base.TestBase">
    <failure type="java.lang.IllegalArgumentException" message="Input must be set">
      <![CDATA[java.lang.IllegalArgumentException: Input must be set
at org.openqa.selenium.internal.Require.nonNull(Require.java:56)
at org.openqa.selenium.support.ui.FluentWait.<init>(FluentWait.java:97)
at org.openqa.selenium.support.ui.WebDriverWait.<init>(WebDriverWait.java:128)
at org.openqa.selenium.support.ui.WebDriverWait.<init>(WebDriverWait.java:61)
at org.openqa.selenium.support.ui.WebDriverWait.<init>(WebDriverWait.java:48)
at com.qa.base.TestBase.initialization(TestBase.java:121)
... Removed 24 stack frames]]>
    </failure>
  </testcase> <!-- @BeforeTest initialization -->
  <testcase name="@BeforeMethod beforeMethod" time="-1.619367760087E9" classname="com.qa.tests.HomePageTest">
    <skipped/>
  </testcase> <!-- @BeforeMethod beforeMethod -->
  <testcase name="@AfterMethod afterMethod" time="-1.619367760096E9" classname="com.qa.tests.HomePageTest">
    <skipped/>
  </testcase> <!-- @AfterMethod afterMethod -->
  <testcase name="@BeforeMethod beforeMethod" time="-1.6193677601E9" classname="com.qa.tests.SupportDocPageTest">
    <skipped/>
  </testcase> <!-- @BeforeMethod beforeMethod -->
  <testcase name="@AfterMethod afterMethod" time="-1.619367760107E9" classname="com.qa.tests.SupportDocPageTest">
    <skipped/>
  </testcase> <!-- @AfterMethod afterMethod -->
  <testcase name="@BeforeMethod beforeMethod" time="-1.61936776011E9" classname="com.qa.tests.NewsletterPageTest">
    <skipped/>
  </testcase> <!-- @BeforeMethod beforeMethod -->
  <testcase name="@AfterMethod afterMethod" time="-1.619367760117E9" classname="com.qa.tests.NewsletterPageTest">
    <skipped/>
  </testcase> <!-- @AfterMethod afterMethod -->
  <testcase name="@AfterTest tearDown" time="-1.619367760119E9" classname="com.qa.base.TestBase">
    <skipped/>
  </testcase> <!-- @AfterTest tearDown -->
  <testcase name="valdiateStartTestingBtnOnHomePage" time="0.0" classname="com.qa.tests.HomePageTest">
    <skipped/>
  </testcase> <!-- valdiateStartTestingBtnOnHomePage -->
  <testcase name="validateIntegrationDocUrl" time="0.0" classname="com.qa.tests.SupportDocPageTest">
    <skipped/>
  </testcase> <!-- validateIntegrationDocUrl -->
  <testcase name="validateLetMeReadItFirstLink" time="0.0" classname="com.qa.tests.NewsletterPageTest">
    <skipped/>
  </testcase> <!-- validateLetMeReadItFirstLink -->
  <testcase name="@BeforeTest initialization" time="0.0" classname="com.qa.base.TestBase">
    <ignored/>
  </testcase> <!-- @BeforeTest initialization -->
  <testcase name="@BeforeTest initialization" time="0.0" classname="com.qa.base.TestBase">
    <ignored/>
  </testcase> <!-- @BeforeTest initialization -->
  <testcase name="@AfterTest tearDown" time="0.0" classname="com.qa.base.TestBase">
    <ignored/>
  </testcase> <!-- @AfterTest tearDown -->
  <testcase name="@AfterTest tearDown" time="0.0" classname="com.qa.base.TestBase">
    <ignored/>
  </testcase> <!-- @AfterTest tearDown -->
</testsuite> <!-- Safari -->
